-------------------------------------------------------------------------------
Test set: tests.WrikeTest
-------------------------------------------------------------------------------
Tests run: 1, Failures: 1, Errors: 0, Skipped: 0, Time elapsed: 1.183 s <<< FAILURE! - in tests.WrikeTest
writeTest on writeTest(tests.WrikeTest)(tests.WrikeTest)  Time elapsed: 0.055 s  <<< FAILURE!
java.lang.NoClassDefFoundError: org/openqa/selenium/interactions/Interactive
	at tests.WrikeTest.setup(WrikeTest.java:23)
Caused by: java.lang.ClassNotFoundException: org.openqa.selenium.interactions.Interactive
	at tests.WrikeTest.setup(WrikeTest.java:23)

